This is pdfTeX, Version 3.14159265-2.6-1.40.17 (MiKTeX 2.9.6210 64-bit) (preloaded format=pdflatex 2017.2.17)  4 APR 2018 00:35
entering extended mode
**"./Porous Media Segmentation and Classification.tex"
("Porous Media Segmentation and Classification.tex"
LaTeX2e <2017/01/01> patch level 1
Babel <3.9r> and hyphenation patterns for 75 language(s) loaded.
(C:\Users\Efim\AppData\Roaming\MiKTeX\2.9\tex\latex\elsarticle\elsarticle.cls
Document Class: elsarticle 2009/09/17, 1.2.0: Elsevier Ltd
\@bls=\dimen102
("D:\Program files(x64)\MikTeX\tex\latex\base\article.cls"
Document Class: article 2014/09/29 v1.4h Standard LaTeX document class
("D:\Program files(x64)\MikTeX\tex\latex\base\size10.clo"
File: size10.clo 2014/09/29 v1.4h Standard LaTeX file (size option)
)
\c@part=\count79
\c@section=\count80
\c@subsection=\count81
\c@subsubsection=\count82
\c@paragraph=\count83
\c@subparagraph=\count84
\c@figure=\count85
\c@table=\count86
\abovecaptionskip=\skip41
\belowcaptionskip=\skip42
\bibindent=\dimen103
)
("D:\Program files(x64)\MikTeX\tex\latex\graphics\graphicx.sty"
Package: graphicx 2014/10/28 v1.0g Enhanced LaTeX Graphics (DPC,SPQR)

("D:\Program files(x64)\MikTeX\tex\latex\graphics\keyval.sty"
Package: keyval 2014/10/28 v1.15 key=value parser (DPC)
\KV@toks@=\toks14
)
("D:\Program files(x64)\MikTeX\tex\latex\graphics\graphics.sty"
Package: graphics 2016/10/09 v1.0u Standard LaTeX Graphics (DPC,SPQR)

("D:\Program files(x64)\MikTeX\tex\latex\graphics\trig.sty"
Package: trig 2016/01/03 v1.10 sin cos tan (DPC)
)
("D:\Program files(x64)\MikTeX\tex\latex\graphics-cfg\graphics.cfg"
File: graphics.cfg 2016/06/04 v1.11 sample graphics configuration
)
Package graphics Info: Driver file: pdftex.def on input line 99.

("D:\Program files(x64)\MikTeX\tex\latex\graphics-def\pdftex.def"
File: pdftex.def 2017/01/12 v0.06k Graphics/color for pdfTeX

("D:\Program files(x64)\MikTeX\tex\generic\oberdiek\infwarerr.sty"
Package: infwarerr 2016/05/16 v1.4 Providing info/warning/error messages (HO)
)
("D:\Program files(x64)\MikTeX\tex\generic\oberdiek\ltxcmds.sty"
Package: ltxcmds 2016/05/16 v1.23 LaTeX kernel commands for general use (HO)
)
\Gread@gobject=\count87
))
\Gin@req@height=\dimen104
\Gin@req@width=\dimen105
)
("D:\Program files(x64)\MikTeX\tex\latex\psnfss\pifont.sty"
Package: pifont 2005/04/12 PSNFSS-v9.2a Pi font support (SPQR) 
LaTeX Font Info:    Try loading font information for U+pzd on input line 63.

("D:\Program files(x64)\MikTeX\tex\latex\psnfss\upzd.fd"
File: upzd.fd 2001/06/04 font definitions for U/pzd.
)
LaTeX Font Info:    Try loading font information for U+psy on input line 64.

("D:\Program files(x64)\MikTeX\tex\latex\psnfss\upsy.fd"
File: upsy.fd 2001/06/04 font definitions for U/psy.
))
\c@tnote=\count88
\c@fnote=\count89
\c@cnote=\count90
\c@ead=\count91
\c@author=\count92
\@eadauthor=\toks15
\c@affn=\count93
\absbox=\box26
\keybox=\box27
\Columnwidth=\dimen106
\space@left=\dimen107
\els@boxa=\box28
\els@boxb=\box29
\leftMargin=\dimen108
\@enLab=\toks16
\@sep=\skip43
\@@sep=\skip44

("Porous Media Segmentation and Classification.spl")
(C:\Users\Efim\AppData\Roaming\MiKTeX\2.9\tex\latex\natbib\natbib.sty
Package: natbib 2010/09/13 8.31b (PWD, AO)
\bibhang=\skip45
\bibsep=\skip46
LaTeX Info: Redefining \cite on input line 694.
\c@NAT@ctr=\count94
)
\splwrite=\write3
\openout3 = `"Porous Media Segmentation and Classification.spl"'.

)
(C:\Users\Efim\AppData\Roaming\MiKTeX\2.9\tex\latex\lineno\lineno.sty
Package: lineno 2005/11/02 line numbers on paragraphs v4.41
\linenopenalty=\count95
\output=\toks17
\linenoprevgraf=\count96
\linenumbersep=\dimen109
\linenumberwidth=\dimen110
\c@linenumber=\count97
\c@pagewiselinenumber=\count98
\c@LN@truepage=\count99
\c@internallinenumber=\count100
\c@internallinenumbers=\count101
\quotelinenumbersep=\dimen111
\bframerule=\dimen112
\bframesep=\dimen113
\bframebox=\box30
LaTeX Info: Redefining \\ on input line 3056.
)
("D:\Program files(x64)\MikTeX\tex\latex\hyperref\hyperref.sty"
Package: hyperref 2016/06/24 v6.83q Hypertext links for LaTeX

("D:\Program files(x64)\MikTeX\tex\generic\oberdiek\hobsub-hyperref.sty"
Package: hobsub-hyperref 2016/05/16 v1.14 Bundle oberdiek, subset hyperref (HO)


("D:\Program files(x64)\MikTeX\tex\generic\oberdiek\hobsub-generic.sty"
Package: hobsub-generic 2016/05/16 v1.14 Bundle oberdiek, subset generic (HO)
Package: hobsub 2016/05/16 v1.14 Construct package bundles (HO)
Package hobsub Info: Skipping package `infwarerr' (already loaded).
Package hobsub Info: Skipping package `ltxcmds' (already loaded).
Package: ifluatex 2016/05/16 v1.4 Provides the ifluatex switch (HO)
Package ifluatex Info: LuaTeX not detected.
Package: ifvtex 2016/05/16 v1.6 Detect VTeX and its facilities (HO)
Package ifvtex Info: VTeX not detected.
Package: intcalc 2016/05/16 v1.2 Expandable calculations with integers (HO)
Package: ifpdf 2016/05/14 v3.1 Provides the ifpdf switch
Package: etexcmds 2016/05/16 v1.6 Avoid name clashes with e-TeX commands (HO)
Package etexcmds Info: Could not find \expanded.
(etexcmds)             That can mean that you are not using pdfTeX 1.50 or
(etexcmds)             that some package has redefined \expanded.
(etexcmds)             In the latter case, load this package earlier.
Package: kvsetkeys 2016/05/16 v1.17 Key value parser (HO)
Package: kvdefinekeys 2016/05/16 v1.4 Define keys (HO)
Package: pdftexcmds 2016/05/21 v0.22 Utility functions of pdfTeX for LuaTeX (HO
)
Package pdftexcmds Info: LuaTeX not detected.
Package pdftexcmds Info: \pdf@primitive is available.
Package pdftexcmds Info: \pdf@ifprimitive is available.
Package pdftexcmds Info: \pdfdraftmode found.
Package: pdfescape 2016/05/16 v1.14 Implements pdfTeX's escape features (HO)
Package: bigintcalc 2016/05/16 v1.4 Expandable calculations on big integers (HO
)
Package: bitset 2016/05/16 v1.2 Handle bit-vector datatype (HO)
Package: uniquecounter 2016/05/16 v1.3 Provide unlimited unique counter (HO)
)
Package hobsub Info: Skipping package `hobsub' (already loaded).
Package: letltxmacro 2016/05/16 v1.5 Let assignment for LaTeX macros (HO)
Package: hopatch 2016/05/16 v1.3 Wrapper for package hooks (HO)
Package: xcolor-patch 2016/05/16 xcolor patch
Package: atveryend 2016/05/16 v1.9 Hooks at the very end of document (HO)
Package atveryend Info: \enddocument detected (standard20110627).
Package: atbegshi 2016/06/09 v1.18 At begin shipout hook (HO)
Package: refcount 2016/05/16 v3.5 Data extraction from label references (HO)
Package: hycolor 2016/05/16 v1.8 Color options for hyperref/bookmark (HO)
)
("D:\Program files(x64)\MikTeX\tex\generic\ifxetex\ifxetex.sty"
Package: ifxetex 2010/09/12 v0.6 Provides ifxetex conditional
)
("D:\Program files(x64)\MikTeX\tex\latex\oberdiek\auxhook.sty"
Package: auxhook 2016/05/16 v1.4 Hooks for auxiliary files (HO)
)
("D:\Program files(x64)\MikTeX\tex\latex\oberdiek\kvoptions.sty"
Package: kvoptions 2016/05/16 v3.12 Key value format for package options (HO)
)
\@linkdim=\dimen114
\Hy@linkcounter=\count102
\Hy@pagecounter=\count103

("D:\Program files(x64)\MikTeX\tex\latex\hyperref\pd1enc.def"
File: pd1enc.def 2016/06/24 v6.83q Hyperref: PDFDocEncoding definition (HO)
)
\Hy@SavedSpaceFactor=\count104

("D:\Program files(x64)\MikTeX\tex\latex\00miktex\hyperref.cfg"
File: hyperref.cfg 2002/06/06 v1.2 hyperref configuration of TeXLive
)
Package hyperref Info: Hyper figures OFF on input line 4486.
Package hyperref Info: Link nesting OFF on input line 4491.
Package hyperref Info: Hyper index ON on input line 4494.
Package hyperref Info: Plain pages OFF on input line 4501.
Package hyperref Info: Backreferencing OFF on input line 4506.
Package hyperref Info: Implicit mode ON; LaTeX internals redefined.
Package hyperref Info: Bookmarks ON on input line 4735.
\c@Hy@tempcnt=\count105

(C:\Users\Efim\AppData\Roaming\MiKTeX\2.9\tex\latex\url\url.sty
\Urlmuskip=\muskip10
Package: url 2013/09/16  ver 3.4  Verb mode for urls, etc.
)
LaTeX Info: Redefining \url on input line 5088.
\XeTeXLinkMargin=\dimen115
\Fld@menulength=\count106
\Field@Width=\dimen116
\Fld@charsize=\dimen117
Package hyperref Info: Hyper figures OFF on input line 6342.
Package hyperref Info: Link nesting OFF on input line 6347.
Package hyperref Info: Hyper index ON on input line 6350.
Package hyperref Info: backreferencing OFF on input line 6357.
Package hyperref Info: Link coloring OFF on input line 6362.
Package hyperref Info: Link coloring with OCG OFF on input line 6367.
Package hyperref Info: PDF/A mode OFF on input line 6372.
LaTeX Info: Redefining \ref on input line 6412.
LaTeX Info: Redefining \pageref on input line 6416.
\Hy@abspage=\count107
\c@Item=\count108
\c@Hfootnote=\count109
)

Package hyperref Message: Driver (autodetected): hpdftex.

("D:\Program files(x64)\MikTeX\tex\latex\hyperref\hpdftex.def"
File: hpdftex.def 2016/06/24 v6.83q Hyperref driver for pdfTeX
\Fld@listcount=\count110
\c@bookmark@seq@number=\count111

("D:\Program files(x64)\MikTeX\tex\latex\oberdiek\rerunfilecheck.sty"
Package: rerunfilecheck 2016/05/16 v1.8 Rerun checks for auxiliary files (HO)
Package uniquecounter Info: New unique counter `rerunfilecheck' on input line 2
82.
)
\Hy@SectionHShift=\skip47
)
("Porous Media Segmentation and Classification.aux")
\openout1 = `"Porous Media Segmentation and Classification.aux"'.

LaTeX Font Info:    Checking defaults for OML/cmm/m/it on input line 40.
LaTeX Font Info:    ... okay on input line 40.
LaTeX Font Info:    Checking defaults for T1/cmr/m/n on input line 40.
LaTeX Font Info:    ... okay on input line 40.
LaTeX Font Info:    Checking defaults for OT1/cmr/m/n on input line 40.
LaTeX Font Info:    ... okay on input line 40.
LaTeX Font Info:    Checking defaults for OMS/cmsy/m/n on input line 40.
LaTeX Font Info:    ... okay on input line 40.
LaTeX Font Info:    Checking defaults for OMX/cmex/m/n on input line 40.
LaTeX Font Info:    ... okay on input line 40.
LaTeX Font Info:    Checking defaults for U/cmr/m/n on input line 40.
LaTeX Font Info:    ... okay on input line 40.
LaTeX Font Info:    Checking defaults for PD1/pdf/m/n on input line 40.
LaTeX Font Info:    ... okay on input line 40.

(C:\Users\Efim\AppData\Roaming\MiKTeX\2.9\tex\context\base\supp-pdf.mkii
[Loading MPS to PDF converter (version 2006.09.02).]
\scratchcounter=\count112
\scratchdimen=\dimen118
\scratchbox=\box31
\nofMPsegments=\count113
\nofMParguments=\count114
\everyMPshowfont=\toks18
\MPscratchCnt=\count115
\MPscratchDim=\dimen119
\MPnumerator=\count116
\makeMPintoPDFobject=\count117
\everyMPtoPDFconversion=\toks19
) ("D:\Program files(x64)\MikTeX\tex\latex\oberdiek\epstopdf-base.sty"
Package: epstopdf-base 2016/05/15 v2.6 Base part for package epstopdf

("D:\Program files(x64)\MikTeX\tex\latex\oberdiek\grfext.sty"
Package: grfext 2016/05/16 v1.2 Manage graphics extensions (HO)
)
Package epstopdf-base Info: Redefining graphics rule for `.eps' on input line 4
38.
Package grfext Info: Graphics extension search list:
(grfext)             [.png,.pdf,.jpg,.mps,.jpeg,.jbig2,.jb2,.PNG,.PDF,.JPG,.JPE
G,.JBIG2,.JB2,.eps]
(grfext)             \AppendGraphicsExtensions on input line 456.
)
\AtBeginShipoutBox=\box32
Package hyperref Info: Link coloring OFF on input line 40.

("D:\Program files(x64)\MikTeX\tex\latex\hyperref\nameref.sty"
Package: nameref 2016/05/21 v2.44 Cross-referencing by name of section

("D:\Program files(x64)\MikTeX\tex\generic\oberdiek\gettitlestring.sty"
Package: gettitlestring 2016/05/16 v1.5 Cleanup title references (HO)
)
\c@section@level=\count118
)
LaTeX Info: Redefining \ref on input line 40.
LaTeX Info: Redefining \pageref on input line 40.
LaTeX Info: Redefining \nameref on input line 40.

("Porous Media Segmentation and Classification.out")
("Porous Media Segmentation and Classification.out")
\@outlinefile=\write4
\openout4 = `"Porous Media Segmentation and Classification.out"'.

LaTeX Font Info:    External font `cmex10' loaded for size
(Font)              <8> on input line 73.
LaTeX Font Info:    External font `cmex10' loaded for size
(Font)              <6> on input line 73.
LaTeX Font Info:    External font `cmex10' loaded for size
(Font)              <5> on input line 73.
LaTeX Font Info:    External font `cmex10' loaded for size
(Font)              <7> on input line 73.
LaTeX Font Info:    Try loading font information for OMS+cmr on input line 94.

("D:\Program files(x64)\MikTeX\tex\latex\base\omscmr.fd"
File: omscmr.fd 2014/09/29 v2.5h Standard LaTeX font definitions
)
LaTeX Font Info:    Font shape `OMS/cmr/m/n' in size <10> not available
(Font)              Font shape `OMS/cmsy/m/n' tried instead on input line 94.
 [1


{C:/Users/Efim/AppData/Local/MiKTeX/2.9/pdftex/config/pdftex.map}]
<data/Unet_architecture.png, id=92, 956.57375pt x 536.0025pt>
File: data/Unet_architecture.png Graphic file (type png)

<use data/Unet_architecture.png>
Package pdftex.def Info: data/Unet_architecture.png used on input line 104.
(pdftex.def)             Requested size: 345.0pt x 193.31244pt.
 [2 <./data/Unet_architecture.png (PNG copy)>]
<data/data_pipeline.jpg, id=98, 234.8775pt x 128.8815pt>
File: data/data_pipeline.jpg Graphic file (type jpg)

<use data/data_pipeline.jpg>
Package pdftex.def Info: data/data_pipeline.jpg used on input line 159.
(pdftex.def)             Requested size: 345.0pt x 189.308pt.


LaTeX Warning: `h' float specifier changed to `ht'.

[3]
<data/results/SoilB-2_Urna_22_carb96558/precision.jpg, id=112, 722.7pt x 722.7p
t>
File: data/results/SoilB-2_Urna_22_carb96558/precision.jpg Graphic file (type j
pg)
 <use data/results/SoilB-2_Urna_22_carb96558/precision.jpg>
Package pdftex.def Info: data/results/SoilB-2_Urna_22_carb96558/precision.jpg u
sed on input line 195.
(pdftex.def)             Requested size: 345.0pt x 344.99533pt.


LaTeX Warning: `h' float specifier changed to `ht'.

<data/results/SoilB-2_Urna_22_carb96558/iou.jpg, id=113, 722.7pt x 722.7pt>
File: data/results/SoilB-2_Urna_22_carb96558/iou.jpg Graphic file (type jpg)

<use data/results/SoilB-2_Urna_22_carb96558/iou.jpg>
Package pdftex.def Info: data/results/SoilB-2_Urna_22_carb96558/iou.jpg used on
 input line 204.
(pdftex.def)             Requested size: 345.0pt x 344.99533pt.


LaTeX Warning: `h' float specifier changed to `ht'.

[4 <./data/data_pipeline.jpg>]
<data/predictions/carb96558/Urna_22jpg.png, id=119, 1806.75pt x 1084.05pt>
File: data/predictions/carb96558/Urna_22jpg.png Graphic file (type png)

<use data/predictions/carb96558/Urna_22jpg.png>
Package pdftex.def Info: data/predictions/carb96558/Urna_22jpg.png used on inpu
t line 221.
(pdftex.def)             Requested size: 345.0pt x 206.9972pt.


LaTeX Warning: `h' float specifier changed to `ht'.

<data/predictions/carb96558/carbRNFjpg.png, id=121, 1806.75pt x 1084.05pt>
File: data/predictions/carb96558/carbRNFjpg.png Graphic file (type png)

<use data/predictions/carb96558/carbRNFjpg.png>
Package pdftex.def Info: data/predictions/carb96558/carbRNFjpg.png used on inpu
t line 231.
(pdftex.def)             Requested size: 345.0pt x 206.9972pt.


LaTeX Warning: `h' float specifier changed to `ht'.

<data/predictions/SoilB-2/carbRNFjpg.png, id=122, 1806.75pt x 1084.05pt>
File: data/predictions/SoilB-2/carbRNFjpg.png Graphic file (type png)

<use data/predictions/SoilB-2/carbRNFjpg.png>
Package pdftex.def Info: data/predictions/SoilB-2/carbRNFjpg.png used on input 
line 240.
(pdftex.def)             Requested size: 345.0pt x 206.9972pt.


LaTeX Warning: `h' float specifier changed to `ht'.


<data/predictions/carb96558_SoilB-2/Urna_34jpg.png, id=123, 1806.75pt x 1084.05
pt>
File: data/predictions/carb96558_SoilB-2/Urna_34jpg.png Graphic file (type png)

 <use data/predictions/carb96558_SoilB-2/Urna_34jpg.png>
Package pdftex.def Info: data/predictions/carb96558_SoilB-2/Urna_34jpg.png used
 on input line 249.
(pdftex.def)             Requested size: 345.0pt x 206.9972pt.


LaTeX Warning: `h' float specifier changed to `ht'.

No file "Porous Media Segmentation and Classification".bbl.
Package atveryend Info: Empty hook `BeforeClearDocument' on input line 276.
[5] [6 <./data/results/SoilB-2_Urna_22_carb96558/precision.jpg>] [7 <./data/res
ults/SoilB-2_Urna_22_carb96558/iou.jpg>] [8 <./data/predictions/carb96558/Urna_
22jpg.png> <./data/predictions/carb96558/carbRNFjpg.png>] [9 <./data/prediction
s/SoilB-2/carbRNFjpg.png> <./data/predictions/carb96558_SoilB-2/Urna_34jpg.png>
]
Package atveryend Info: Empty hook `AfterLastShipout' on input line 276.
 ("Porous Media Segmentation and Classification.aux")
Package atveryend Info: Executing hook `AtVeryEndDocument' on input line 276.
Package atveryend Info: Executing hook `AtEndAfterFileList' on input line 276.
Package rerunfilecheck Info: File `"Porous Media Segmentation and Classificatio
n".out' has not changed.
(rerunfilecheck)             Checksum: 68ABD908125C72541FDF353B2A89CB08;1132.
Package atveryend Info: Empty hook `AtVeryVeryEnd' on input line 276.
 ) 
Here is how much of TeX's memory you used:
 5982 strings out of 493333
 88234 string characters out of 3138766
 176246 words of memory out of 3000000
 9409 multiletter control sequences out of 15000+200000
 8274 words of font info for 29 fonts, out of 3000000 for 9000
 1141 hyphenation exceptions out of 8191
 34i,7n,30p,351b,401s stack positions out of 5000i,500n,10000p,200000b,50000s
<D:/Program files(x64)/MikTeX/fonts/type1/public/amsfonts/cm/cmbx10.pfb><D:/P
rogram files(x64)/MikTeX/fonts/type1/public/amsfonts/cm/cmex10.pfb><D:/Program 
files(x64)/MikTeX/fonts/type1/public/amsfonts/cm/cmmi10.pfb><D:/Program files(x
64)/MikTeX/fonts/type1/public/amsfonts/cm/cmmi5.pfb><D:/Program files(x64)/MikT
eX/fonts/type1/public/amsfonts/cm/cmmi7.pfb><D:/Program files(x64)/MikTeX/fonts
/type1/public/amsfonts/cm/cmr10.pfb><D:/Program files(x64)/MikTeX/fonts/type1/p
ublic/amsfonts/cm/cmr12.pfb><D:/Program files(x64)/MikTeX/fonts/type1/public/am
sfonts/cm/cmr7.pfb><D:/Program files(x64)/MikTeX/fonts/type1/public/amsfonts/cm
/cmr8.pfb><D:/Program files(x64)/MikTeX/fonts/type1/public/amsfonts/cm/cmss8.pf
b><D:/Program files(x64)/MikTeX/fonts/type1/public/amsfonts/cm/cmsy10.pfb><D:/P
rogram files(x64)/MikTeX/fonts/type1/public/amsfonts/cm/cmsy6.pfb><D:/Program f
iles(x64)/MikTeX/fonts/type1/public/amsfonts/cm/cmsy7.pfb><D:/Program files(x64
)/MikTeX/fonts/type1/public/amsfonts/cm/cmti10.pfb><D:/Program files(x64)/MikTe
X/fonts/type1/public/amsfonts/cm/cmti7.pfb><D:/Program files(x64)/MikTeX/fonts/
type1/public/amsfonts/cm/cmti8.pfb><D:/Program files(x64)/MikTeX/fonts/type1/pu
blic/amsfonts/cm/cmtt8.pfb>
Output written on "Porous Media Segmentation and Classification.pdf" (9 pages, 
713029 bytes).
PDF statistics:
 222 PDF objects out of 1000 (max. 8388607)
 44 named destinations out of 1000 (max. 500000)
 177 words of extra memory for PDF output out of 10000 (max. 10000000)

